Performing C SOURCE FILE Test CMAKE_HAVE_LIBC_PTHREAD failed with the following output:
Change Dir: /home/nikita/A-Lazar-A/workspace/projects/lab07/_builds/clang-cxx14/CMakeFiles/CMakeTmp

Run Build Command(s):/usr/bin/make cmTC_f297f/fast && /usr/bin/make -f CMakeFiles/cmTC_f297f.dir/build.make CMakeFiles/cmTC_f297f.dir/build
make[1]: вход в каталог «/home/nikita/A-Lazar-A/workspace/projects/lab07/_builds/clang-cxx14/CMakeFiles/CMakeTmp»
Building C object CMakeFiles/cmTC_f297f.dir/src.c.o
/usr/bin/clang   -DCMAKE_HAVE_LIBC_PTHREAD   -o CMakeFiles/cmTC_f297f.dir/src.c.o   -c /home/nikita/A-Lazar-A/workspace/projects/lab07/_builds/clang-cxx14/CMakeFiles/CMakeTmp/src.c
Linking C executable cmTC_f297f
/usr/bin/cmake -E cmake_link_script CMakeFiles/cmTC_f297f.dir/link.txt --verbose=1
/usr/bin/clang  -DCMAKE_HAVE_LIBC_PTHREAD    -rdynamic CMakeFiles/cmTC_f297f.dir/src.c.o  -o cmTC_f297f 
/usr/bin/ld: CMakeFiles/cmTC_f297f.dir/src.c.o: в функции «main»:
src.c:(.text+0x35): неопределённая ссылка на «pthread_create»
/usr/bin/ld: src.c:(.text+0x41): неопределённая ссылка на «pthread_detach»
/usr/bin/ld: src.c:(.text+0x53): неопределённая ссылка на «pthread_join»
clang: error: linker command failed with exit code 1 (use -v to see invocation)
make[1]: *** [CMakeFiles/cmTC_f297f.dir/build.make:87: cmTC_f297f] Ошибка 1
make[1]: выход из каталога «/home/nikita/A-Lazar-A/workspace/projects/lab07/_builds/clang-cxx14/CMakeFiles/CMakeTmp»
make: *** [Makefile:121: cmTC_f297f/fast] Ошибка 2


Source file was:
#include <pthread.h>

void* test_func(void* data)
{
  return data;
}

int main(void)
{
  pthread_t thread;
  pthread_create(&thread, NULL, test_func, NULL);
  pthread_detach(thread);
  pthread_join(thread, NULL);
  pthread_atfork(NULL, NULL, NULL);
  pthread_exit(NULL);

  return 0;
}

Determining if the function pthread_create exists in the pthreads failed with the following output:
Change Dir: /home/nikita/A-Lazar-A/workspace/projects/lab07/_builds/clang-cxx14/CMakeFiles/CMakeTmp

Run Build Command(s):/usr/bin/make cmTC_67167/fast && /usr/bin/make -f CMakeFiles/cmTC_67167.dir/build.make CMakeFiles/cmTC_67167.dir/build
make[1]: вход в каталог «/home/nikita/A-Lazar-A/workspace/projects/lab07/_builds/clang-cxx14/CMakeFiles/CMakeTmp»
Building C object CMakeFiles/cmTC_67167.dir/CheckFunctionExists.c.o
/usr/bin/clang   -DCHECK_FUNCTION_EXISTS=pthread_create   -o CMakeFiles/cmTC_67167.dir/CheckFunctionExists.c.o   -c /usr/share/cmake-3.16/Modules/CheckFunctionExists.c
Linking C executable cmTC_67167
/usr/bin/cmake -E cmake_link_script CMakeFiles/cmTC_67167.dir/link.txt --verbose=1
/usr/bin/clang  -DCHECK_FUNCTION_EXISTS=pthread_create    -rdynamic CMakeFiles/cmTC_67167.dir/CheckFunctionExists.c.o  -o cmTC_67167  -lpthreads 
/usr/bin/ld: невозможно найти -lpthreads
clang: error: linker command failed with exit code 1 (use -v to see invocation)
make[1]: *** [CMakeFiles/cmTC_67167.dir/build.make:87: cmTC_67167] Ошибка 1
make[1]: выход из каталога «/home/nikita/A-Lazar-A/workspace/projects/lab07/_builds/clang-cxx14/CMakeFiles/CMakeTmp»
make: *** [Makefile:121: cmTC_67167/fast] Ошибка 2



