Performing C SOURCE FILE Test CMAKE_HAVE_LIBC_PTHREAD failed with the following output:
Change Dir: /home/nikita/A-Lazar-A/workspace/projects/lab07/_builds/default/CMakeFiles/CMakeTmp

Run Build Command(s):/usr/bin/make cmTC_faf01/fast && /usr/bin/make -f CMakeFiles/cmTC_faf01.dir/build.make CMakeFiles/cmTC_faf01.dir/build
make[1]: вход в каталог «/home/nikita/A-Lazar-A/workspace/projects/lab07/_builds/default/CMakeFiles/CMakeTmp»
Building C object CMakeFiles/cmTC_faf01.dir/src.c.o
/usr/bin/cc   -DCMAKE_HAVE_LIBC_PTHREAD   -o CMakeFiles/cmTC_faf01.dir/src.c.o   -c /home/nikita/A-Lazar-A/workspace/projects/lab07/_builds/default/CMakeFiles/CMakeTmp/src.c
Linking C executable cmTC_faf01
/usr/bin/cmake -E cmake_link_script CMakeFiles/cmTC_faf01.dir/link.txt --verbose=1
/usr/bin/cc  -DCMAKE_HAVE_LIBC_PTHREAD    -rdynamic CMakeFiles/cmTC_faf01.dir/src.c.o  -o cmTC_faf01 
/usr/bin/ld: CMakeFiles/cmTC_faf01.dir/src.c.o: в функции «main»:
src.c:(.text+0x3e): неопределённая ссылка на «pthread_create»
/usr/bin/ld: src.c:(.text+0x4a): неопределённая ссылка на «pthread_detach»
/usr/bin/ld: src.c:(.text+0x5b): неопределённая ссылка на «pthread_join»
collect2: error: ld returned 1 exit status
make[1]: *** [CMakeFiles/cmTC_faf01.dir/build.make:87: cmTC_faf01] Ошибка 1
make[1]: выход из каталога «/home/nikita/A-Lazar-A/workspace/projects/lab07/_builds/default/CMakeFiles/CMakeTmp»
make: *** [Makefile:121: cmTC_faf01/fast] Ошибка 2


Source file was:
#include <pthread.h>

void* test_func(void* data)
{
  return data;
}

int main(void)
{
  pthread_t thread;
  pthread_create(&thread, NULL, test_func, NULL);
  pthread_detach(thread);
  pthread_join(thread, NULL);
  pthread_atfork(NULL, NULL, NULL);
  pthread_exit(NULL);

  return 0;
}

Determining if the function pthread_create exists in the pthreads failed with the following output:
Change Dir: /home/nikita/A-Lazar-A/workspace/projects/lab07/_builds/default/CMakeFiles/CMakeTmp

Run Build Command(s):/usr/bin/make cmTC_b555e/fast && /usr/bin/make -f CMakeFiles/cmTC_b555e.dir/build.make CMakeFiles/cmTC_b555e.dir/build
make[1]: вход в каталог «/home/nikita/A-Lazar-A/workspace/projects/lab07/_builds/default/CMakeFiles/CMakeTmp»
Building C object CMakeFiles/cmTC_b555e.dir/CheckFunctionExists.c.o
/usr/bin/cc   -DCHECK_FUNCTION_EXISTS=pthread_create   -o CMakeFiles/cmTC_b555e.dir/CheckFunctionExists.c.o   -c /usr/share/cmake-3.16/Modules/CheckFunctionExists.c
Linking C executable cmTC_b555e
/usr/bin/cmake -E cmake_link_script CMakeFiles/cmTC_b555e.dir/link.txt --verbose=1
/usr/bin/cc  -DCHECK_FUNCTION_EXISTS=pthread_create    -rdynamic CMakeFiles/cmTC_b555e.dir/CheckFunctionExists.c.o  -o cmTC_b555e  -lpthreads 
/usr/bin/ld: невозможно найти -lpthreads
collect2: error: ld returned 1 exit status
make[1]: *** [CMakeFiles/cmTC_b555e.dir/build.make:87: cmTC_b555e] Ошибка 1
make[1]: выход из каталога «/home/nikita/A-Lazar-A/workspace/projects/lab07/_builds/default/CMakeFiles/CMakeTmp»
make: *** [Makefile:121: cmTC_b555e/fast] Ошибка 2



